
 /----------------------------------------------------------------------------\
 |  yosys -- Yosys Open SYnthesis Suite                                       |
 |  Copyright (C) 2012 - 2026  Claire Xenia Wolf <claire@yosyshq.com>         |
 |  Distributed under an ISC-like license, type "license" to see terms        |
 \----------------------------------------------------------------------------/
 Yosys 0.62+112 (git sha1 687a36af3, clang++ 18.1.8 -fPIC -O3)

-- Executing script file `design_aiger.ys' --

1. Executing RTLIL frontend.
Input filename: design_prep.il

2. Executing HIERARCHY pass (managing design hierarchy).
Attribute `top' found on module `fireeee_dclk_edge_det_async_reset'. Setting top module to fireeee_dclk_edge_det_async_reset.

2.1. Analyzing design hierarchy..
Top module:  \fireeee_dclk_edge_det_async_reset

2.2. Analyzing design hierarchy..
Top module:  \fireeee_dclk_edge_det_async_reset
Removed 0 unused modules.
Module fireeee_dclk_edge_det_async_reset directly or indirectly contains formal properties -> setting "keep" attribute.

3. Executing FORMALFF pass.

4. Executing FLATTEN pass (flatten design).

5. Executing SETUNDEF pass (replace undef values with defined constants).

6. Executing OPT pass (performing simple optimizations).

6.1. Executing OPT_EXPR pass (perform const folding).
Optimizing module fireeee_dclk_edge_det_async_reset.
<suppressed ~23 debug messages>

6.2. Executing OPT_MERGE pass (detect identical cells).
Finding identical cells in module `\fireeee_dclk_edge_det_async_reset'.
Computing hashes of 73 cells of `\fireeee_dclk_edge_det_async_reset'.
Finding duplicate cells in `\fireeee_dclk_edge_det_async_reset'.
Removed a total of 0 cells.

6.3. Executing OPT_MUXTREE pass (detect dead branches in mux trees).
Running muxtree optimizer on module \fireeee_dclk_edge_det_async_reset..
  Creating internal representation of mux trees.
  Evaluating internal representation of mux trees.
  Analyzing evaluation results.
    dead port 2/2 on $mux $auto$async2sync.cc:243:execute$139.
    dead port 2/2 on $mux $auto$async2sync.cc:243:execute$147.
    dead port 1/2 on $mux $auto$async2sync.cc:243:execute$155.
    dead port 2/2 on $mux $auto$async2sync.cc:243:execute$155.
Removed 4 multiplexer ports.
<suppressed ~8 debug messages>

6.4. Executing OPT_REDUCE pass (consolidate $*mux and $reduce_* inputs).
  Optimizing cells in module \fireeee_dclk_edge_det_async_reset.
Performed a total of 0 changes.

6.5. Executing OPT_MERGE pass (detect identical cells).
Finding identical cells in module `\fireeee_dclk_edge_det_async_reset'.
Computing hashes of 70 cells of `\fireeee_dclk_edge_det_async_reset'.
Finding duplicate cells in `\fireeee_dclk_edge_det_async_reset'.
Removed a total of 0 cells.

6.6. Executing OPT_SHARE pass.

6.7. Executing OPT_DFF pass (perform DFF optimizations).

6.8. Executing OPT_CLEAN pass (remove unused cells and wires).
Finding unused cells or wires in module \fireeee_dclk_edge_det_async_reset..
Removed 6 unused cells and 12 unused wires.
<suppressed ~13 debug messages>

6.9. Executing OPT_EXPR pass (perform const folding).
Optimizing module fireeee_dclk_edge_det_async_reset.

6.10. Rerunning OPT passes. (Maybe there is more to do..)

6.11. Executing OPT_MUXTREE pass (detect dead branches in mux trees).
Running muxtree optimizer on module \fireeee_dclk_edge_det_async_reset..
  Creating internal representation of mux trees.
  No muxes found in this module.
Removed 0 multiplexer ports.

6.12. Executing OPT_REDUCE pass (consolidate $*mux and $reduce_* inputs).
  Optimizing cells in module \fireeee_dclk_edge_det_async_reset.
Performed a total of 0 changes.

6.13. Executing OPT_MERGE pass (detect identical cells).
Finding identical cells in module `\fireeee_dclk_edge_det_async_reset'.
Computing hashes of 64 cells of `\fireeee_dclk_edge_det_async_reset'.
Finding duplicate cells in `\fireeee_dclk_edge_det_async_reset'.
Removed a total of 0 cells.

6.14. Executing OPT_SHARE pass.

6.15. Executing OPT_DFF pass (perform DFF optimizations).

6.16. Executing OPT_CLEAN pass (remove unused cells and wires).
Finding unused cells or wires in module \fireeee_dclk_edge_det_async_reset..

6.17. Executing OPT_EXPR pass (perform const folding).
Optimizing module fireeee_dclk_edge_det_async_reset.

6.18. Finished fast OPT passes. (There is nothing left to do.)

7. Executing TECHMAP pass (map to technology primitives).

7.1. Executing Verilog-2005 frontend: /home/yuki/oss-cad-suite/lib/../share/yosys/techmap.v
Parsing Verilog input from `/home/yuki/oss-cad-suite/lib/../share/yosys/techmap.v' to AST representation.
Generating RTLIL representation for module `\_90_simplemap_bool_ops'.
Generating RTLIL representation for module `\_90_simplemap_reduce_ops'.
Generating RTLIL representation for module `\_90_simplemap_logic_ops'.
Generating RTLIL representation for module `\_90_simplemap_compare_ops'.
Generating RTLIL representation for module `\_90_simplemap_various'.
Generating RTLIL representation for module `\_90_simplemap_registers'.
Generating RTLIL representation for module `\_90_shift_ops_shr_shl_sshl_sshr'.
Generating RTLIL representation for module `\_90_shift_shiftx'.
Generating RTLIL representation for module `\_90_fa'.
Generating RTLIL representation for module `\_90_lcu_brent_kung'.
Generating RTLIL representation for module `\_90_alu'.
Generating RTLIL representation for module `\_90_macc'.
Generating RTLIL representation for module `\_90_alumacc'.
Generating RTLIL representation for module `$__div_mod_u'.
Generating RTLIL representation for module `$__div_mod_trunc'.
Generating RTLIL representation for module `\_90_div'.
Generating RTLIL representation for module `\_90_mod'.
Generating RTLIL representation for module `$__div_mod_floor'.
Generating RTLIL representation for module `\_90_divfloor'.
Generating RTLIL representation for module `\_90_modfloor'.
Generating RTLIL representation for module `\_90_pow'.
Generating RTLIL representation for module `\_90_pmux'.
Generating RTLIL representation for module `\_90_demux'.
Generating RTLIL representation for module `\_90_lut'.
Generating RTLIL representation for module `$connect'.
Generating RTLIL representation for module `$input_port'.
Successfully finished Verilog frontend.

7.2. Continuing TECHMAP pass.
Using extmapper simplemap for cells of type $not.
Using extmapper simplemap for cells of type $and.
Using extmapper simplemap for cells of type $ff.
Using extmapper simplemap for cells of type $logic_or.
Using extmapper simplemap for cells of type $logic_not.
Using extmapper simplemap for cells of type $logic_and.
No more expansions possible.
<suppressed ~129 debug messages>

8. Executing OPT pass (performing simple optimizations).

8.1. Executing OPT_EXPR pass (perform const folding).
Optimizing module fireeee_dclk_edge_det_async_reset.

8.2. Executing OPT_MERGE pass (detect identical cells).
Finding identical cells in module `\fireeee_dclk_edge_det_async_reset'.
Computing hashes of 64 cells of `\fireeee_dclk_edge_det_async_reset'.
Finding duplicate cells in `\fireeee_dclk_edge_det_async_reset'.
Removed a total of 0 cells.

8.3. Executing OPT_DFF pass (perform DFF optimizations).

8.4. Executing OPT_CLEAN pass (remove unused cells and wires).
Finding unused cells or wires in module \fireeee_dclk_edge_det_async_reset..

8.5. Finished fast OPT passes.

9. Executing MEMORY_MAP pass (converting memories to logic and flip-flops).

10. Executing FORMALFF pass.

11. Executing SIMPLEMAP pass (map simple cells to gate primitives).

12. Executing DFFUNMAP pass (unmap clock enable and synchronous reset from FFs).

13. Executing ABC pass (technology mapping using ABC).

13.1. Extracting gate netlist of module `\fireeee_dclk_edge_det_async_reset' to `<abc-temp-dir>/input.blif'..

13.1.1. Executed ABC.
Extracted 39 gates and 55 wires to a netlist network with 16 inputs and 16 outputs.
Running ABC script: <abc-temp-dir>/abc.script
ABC: UC Berkeley, ABC 1.01 (compiled Feb 28 2026 03:14:16)
ABC: abc 01> empty
ABC: abc 01> source <abc-temp-dir>/abc.script
ABC: + read_blif <abc-temp-dir>/input.blif 
ABC: + read_library <abc-temp-dir>/stdcells.genlib 
ABC: + strash 
ABC: + dretime 
ABC: + map 
ABC: + write_blif <abc-temp-dir>/output.blif 
ABC: 
ABC: YOSYS_ABC_DONE 

13.1.2. Re-integrating ABC results.
ABC RESULTS:               AND cells:       25
ABC RESULTS:               NOT cells:       14
ABC RESULTS:        internal signals:       23
ABC RESULTS:           input signals:       16
ABC RESULTS:          output signals:       16
Removing temp directory.
Removing global temp directory.

14. Executing OPT_CLEAN pass (remove unused cells and wires).
Finding unused cells or wires in module \fireeee_dclk_edge_det_async_reset..
Removed 0 unused cells and 56 unused wires.
<suppressed ~8 debug messages>

15. Printing statistics.

=== fireeee_dclk_edge_det_async_reset ===

        +----------Local Count, excluding submodules.
        | 
       73 wires
      104 wire bits
       24 public wires
       55 public wire bits
        4 ports
       35 port bits
       64 cells
       25   $_AND_
       13   $_FF_
       14   $_NOT_
        6   $anyinit
        5   $assert
        1   $assume

16. Executing AIGER backend.
Warning: Treating undriven bit fireeee_dclk_edge_det_async_reset.\N_RST_I like $anyseq.
Warning: Treating a total of 1 undriven bits in fireeee_dclk_edge_det_async_reset like $anyseq.

Warnings: 2 unique messages, 2 total
End of script. Logfile hash: 931875963c, CPU: user 0.02s system 0.01s, MEM: 16.62 MB peak
Yosys 0.62+112 (git sha1 687a36af3, clang++ 18.1.8 -fPIC -O3)
Time spent: 58% 1x abc (0 sec), 16% 1x read_verilog (0 sec), ...
