
 /----------------------------------------------------------------------------\
 |  yosys -- Yosys Open SYnthesis Suite                                       |
 |  Copyright (C) 2012 - 2026  Claire Xenia Wolf <claire@yosyshq.com>         |
 |  Distributed under an ISC-like license, type "license" to see terms        |
 \----------------------------------------------------------------------------/
 Yosys 0.62+112 (git sha1 687a36af3, clang++ 18.1.8 -fPIC -O3)

-- Executing script file `../model/design.ys' --

1. Executing Verilog-2005 frontend: fireeee_dclk_edge_det_no_reset.v
Parsing formal SystemVerilog input from `fireeee_dclk_edge_det_no_reset.v' to AST representation.
Storing AST representation for module `$abstract\fireeee_dclk_edge_det_no_reset'.
Successfully finished Verilog frontend.

2. Executing PREP pass.

2.1. Executing HIERARCHY pass (managing design hierarchy).

2.2. Executing AST frontend in derive mode using pre-parsed AST for module `\fireeee_dclk_edge_det_no_reset'.
Generating RTLIL representation for module `\fireeee_dclk_edge_det_no_reset'.

2.2.1. Analyzing design hierarchy..
Top module:  \fireeee_dclk_edge_det_no_reset

2.2.2. Analyzing design hierarchy..
Top module:  \fireeee_dclk_edge_det_no_reset
Removing unused module `$abstract\fireeee_dclk_edge_det_no_reset'.
Removed 1 unused modules.
Module fireeee_dclk_edge_det_no_reset directly or indirectly contains formal properties -> setting "keep" attribute.

2.3. Executing PROC pass (convert processes to netlists).

2.3.1. Executing PROC_CLEAN pass (remove empty switches from decision trees).
Cleaned up 0 empty switches.

2.3.2. Executing PROC_RMDEAD pass (remove dead branches from decision trees).
Removed a total of 0 dead cases.

2.3.3. Executing PROC_PRUNE pass (remove redundant assignments in processes).
Removed 5 redundant assignments.
Promoted 31 assignments to connections.

2.3.4. Executing PROC_INIT pass (extract init attributes).
Found init rule in `\fireeee_dclk_edge_det_no_reset.$proc$fireeee_dclk_edge_det_no_reset.v:75$65'.
  Set init value: \genblk_outreg1_noreset.DATAO_R = 0
Found init rule in `\fireeee_dclk_edge_det_no_reset.$proc$fireeee_dclk_edge_det_no_reset.v:74$64'.
  Set init value: \genblk_outreg1_noreset.DCLKO_R = 1'0
Found init rule in `\fireeee_dclk_edge_det_no_reset.$proc$fireeee_dclk_edge_det_no_reset.v:73$63'.
  Set init value: \genblk_outreg1_noreset.NEG_DET_O_R = 1'0
Found init rule in `\fireeee_dclk_edge_det_no_reset.$proc$fireeee_dclk_edge_det_no_reset.v:72$62'.
  Set init value: \genblk_outreg1_noreset.POS_DET_O_R = 1'0
Found init rule in `\fireeee_dclk_edge_det_no_reset.$proc$fireeee_dclk_edge_det_no_reset.v:39$61'.
  Set init value: \genblk_inreg1_noreset.DATAI_R = 0
Found init rule in `\fireeee_dclk_edge_det_no_reset.$proc$fireeee_dclk_edge_det_no_reset.v:38$60'.
  Set init value: \genblk_inreg1_noreset.DCLKI_R = 1'0
Found init rule in `\fireeee_dclk_edge_det_no_reset.$proc$fireeee_dclk_edge_det_no_reset.v:25$59'.
  Set init value: \NEG_DET_R = 1'0
Found init rule in `\fireeee_dclk_edge_det_no_reset.$proc$fireeee_dclk_edge_det_no_reset.v:24$58'.
  Set init value: \POS_DET_R = 1'0
Found init rule in `\fireeee_dclk_edge_det_no_reset.$proc$fireeee_dclk_edge_det_no_reset.v:22$57'.
  Set init value: \DATA_R = 0
Found init rule in `\fireeee_dclk_edge_det_no_reset.$proc$fireeee_dclk_edge_det_no_reset.v:21$56'.
  Set init value: \DCLK_R = 1'0

2.3.5. Executing PROC_ARST pass (detect async resets in processes).

2.3.6. Executing PROC_ROM pass (convert switches to ROMs).
Converted 0 switches.

2.3.7. Executing PROC_MUX pass (convert decision trees to multiplexers).
Creating decoders for process `\fireeee_dclk_edge_det_no_reset.$proc$fireeee_dclk_edge_det_no_reset.v:75$65'.
Creating decoders for process `\fireeee_dclk_edge_det_no_reset.$proc$fireeee_dclk_edge_det_no_reset.v:74$64'.
Creating decoders for process `\fireeee_dclk_edge_det_no_reset.$proc$fireeee_dclk_edge_det_no_reset.v:73$63'.
Creating decoders for process `\fireeee_dclk_edge_det_no_reset.$proc$fireeee_dclk_edge_det_no_reset.v:72$62'.
Creating decoders for process `\fireeee_dclk_edge_det_no_reset.$proc$fireeee_dclk_edge_det_no_reset.v:39$61'.
Creating decoders for process `\fireeee_dclk_edge_det_no_reset.$proc$fireeee_dclk_edge_det_no_reset.v:38$60'.
Creating decoders for process `\fireeee_dclk_edge_det_no_reset.$proc$fireeee_dclk_edge_det_no_reset.v:25$59'.
Creating decoders for process `\fireeee_dclk_edge_det_no_reset.$proc$fireeee_dclk_edge_det_no_reset.v:24$58'.
Creating decoders for process `\fireeee_dclk_edge_det_no_reset.$proc$fireeee_dclk_edge_det_no_reset.v:22$57'.
Creating decoders for process `\fireeee_dclk_edge_det_no_reset.$proc$fireeee_dclk_edge_det_no_reset.v:21$56'.
Creating decoders for process `\fireeee_dclk_edge_det_no_reset.$proc$fireeee_dclk_edge_det_no_reset.v:77$55'.
Creating decoders for process `\fireeee_dclk_edge_det_no_reset.$proc$fireeee_dclk_edge_det_no_reset.v:41$54'.
Creating decoders for process `\fireeee_dclk_edge_det_no_reset.$proc$fireeee_dclk_edge_det_no_reset.v:105$13'.
Creating decoders for process `\fireeee_dclk_edge_det_no_reset.$proc$fireeee_dclk_edge_det_no_reset.v:64$12'.
Creating decoders for process `\fireeee_dclk_edge_det_no_reset.$proc$fireeee_dclk_edge_det_no_reset.v:55$7'.

2.3.8. Executing PROC_DLATCH pass (convert process syncs to latches).

2.3.9. Executing PROC_DFF pass (convert process syncs to FFs).
Creating register for signal `\fireeee_dclk_edge_det_no_reset.\genblk_outreg1_noreset.POS_DET_O_R' using process `\fireeee_dclk_edge_det_no_reset.$proc$fireeee_dclk_edge_det_no_reset.v:77$55'.
  created $dff cell `$procdff$66' with positive edge clock.
Creating register for signal `\fireeee_dclk_edge_det_no_reset.\genblk_outreg1_noreset.NEG_DET_O_R' using process `\fireeee_dclk_edge_det_no_reset.$proc$fireeee_dclk_edge_det_no_reset.v:77$55'.
  created $dff cell `$procdff$67' with positive edge clock.
Creating register for signal `\fireeee_dclk_edge_det_no_reset.\genblk_outreg1_noreset.DCLKO_R' using process `\fireeee_dclk_edge_det_no_reset.$proc$fireeee_dclk_edge_det_no_reset.v:77$55'.
  created $dff cell `$procdff$68' with positive edge clock.
Creating register for signal `\fireeee_dclk_edge_det_no_reset.\genblk_outreg1_noreset.DATAO_R' using process `\fireeee_dclk_edge_det_no_reset.$proc$fireeee_dclk_edge_det_no_reset.v:77$55'.
  created $dff cell `$procdff$69' with positive edge clock.
Creating register for signal `\fireeee_dclk_edge_det_no_reset.\genblk_inreg1_noreset.DCLKI_R' using process `\fireeee_dclk_edge_det_no_reset.$proc$fireeee_dclk_edge_det_no_reset.v:41$54'.
  created $dff cell `$procdff$70' with positive edge clock.
Creating register for signal `\fireeee_dclk_edge_det_no_reset.\genblk_inreg1_noreset.DATAI_R' using process `\fireeee_dclk_edge_det_no_reset.$proc$fireeee_dclk_edge_det_no_reset.v:41$54'.
  created $dff cell `$procdff$71' with positive edge clock.
Creating register for signal `\fireeee_dclk_edge_det_no_reset.$past$fireeee_dclk_edge_det_no_reset.v:110$1$0' using process `\fireeee_dclk_edge_det_no_reset.$proc$fireeee_dclk_edge_det_no_reset.v:105$13'.
  created $dff cell `$procdff$72' with positive edge clock.
Creating register for signal `\fireeee_dclk_edge_det_no_reset.$past$fireeee_dclk_edge_det_no_reset.v:113$2$0' using process `\fireeee_dclk_edge_det_no_reset.$proc$fireeee_dclk_edge_det_no_reset.v:105$13'.
  created $dff cell `$procdff$73' with positive edge clock.
Creating register for signal `\fireeee_dclk_edge_det_no_reset.$past$fireeee_dclk_edge_det_no_reset.v:116$3$0' using process `\fireeee_dclk_edge_det_no_reset.$proc$fireeee_dclk_edge_det_no_reset.v:105$13'.
  created $dff cell `$procdff$74' with positive edge clock.
Creating register for signal `\fireeee_dclk_edge_det_no_reset.$past$fireeee_dclk_edge_det_no_reset.v:116$4$0' using process `\fireeee_dclk_edge_det_no_reset.$proc$fireeee_dclk_edge_det_no_reset.v:105$13'.
  created $dff cell `$procdff$75' with positive edge clock.
Creating register for signal `\fireeee_dclk_edge_det_no_reset.$past$fireeee_dclk_edge_det_no_reset.v:119$5$0' using process `\fireeee_dclk_edge_det_no_reset.$proc$fireeee_dclk_edge_det_no_reset.v:105$13'.
  created $dff cell `$procdff$76' with positive edge clock.
Creating register for signal `\fireeee_dclk_edge_det_no_reset.$past$fireeee_dclk_edge_det_no_reset.v:119$6$0' using process `\fireeee_dclk_edge_det_no_reset.$proc$fireeee_dclk_edge_det_no_reset.v:105$13'.
  created $dff cell `$procdff$77' with positive edge clock.
Creating register for signal `\fireeee_dclk_edge_det_no_reset.\POS_DET_R' using process `\fireeee_dclk_edge_det_no_reset.$proc$fireeee_dclk_edge_det_no_reset.v:64$12'.
  created $dff cell `$procdff$78' with positive edge clock.
Creating register for signal `\fireeee_dclk_edge_det_no_reset.\NEG_DET_R' using process `\fireeee_dclk_edge_det_no_reset.$proc$fireeee_dclk_edge_det_no_reset.v:64$12'.
  created $dff cell `$procdff$79' with positive edge clock.
Creating register for signal `\fireeee_dclk_edge_det_no_reset.\DCLK_R' using process `\fireeee_dclk_edge_det_no_reset.$proc$fireeee_dclk_edge_det_no_reset.v:55$7'.
  created $dff cell `$procdff$80' with positive edge clock.
Creating register for signal `\fireeee_dclk_edge_det_no_reset.\DATA_R' using process `\fireeee_dclk_edge_det_no_reset.$proc$fireeee_dclk_edge_det_no_reset.v:55$7'.
  created $dff cell `$procdff$81' with positive edge clock.

2.3.10. Executing PROC_MEMWR pass (convert process memory writes to cells).

2.3.11. Executing PROC_CLEAN pass (remove empty switches from decision trees).
Removing empty process `fireeee_dclk_edge_det_no_reset.$proc$fireeee_dclk_edge_det_no_reset.v:75$65'.
Removing empty process `fireeee_dclk_edge_det_no_reset.$proc$fireeee_dclk_edge_det_no_reset.v:74$64'.
Removing empty process `fireeee_dclk_edge_det_no_reset.$proc$fireeee_dclk_edge_det_no_reset.v:73$63'.
Removing empty process `fireeee_dclk_edge_det_no_reset.$proc$fireeee_dclk_edge_det_no_reset.v:72$62'.
Removing empty process `fireeee_dclk_edge_det_no_reset.$proc$fireeee_dclk_edge_det_no_reset.v:39$61'.
Removing empty process `fireeee_dclk_edge_det_no_reset.$proc$fireeee_dclk_edge_det_no_reset.v:38$60'.
Removing empty process `fireeee_dclk_edge_det_no_reset.$proc$fireeee_dclk_edge_det_no_reset.v:25$59'.
Removing empty process `fireeee_dclk_edge_det_no_reset.$proc$fireeee_dclk_edge_det_no_reset.v:24$58'.
Removing empty process `fireeee_dclk_edge_det_no_reset.$proc$fireeee_dclk_edge_det_no_reset.v:22$57'.
Removing empty process `fireeee_dclk_edge_det_no_reset.$proc$fireeee_dclk_edge_det_no_reset.v:21$56'.
Removing empty process `fireeee_dclk_edge_det_no_reset.$proc$fireeee_dclk_edge_det_no_reset.v:77$55'.
Removing empty process `fireeee_dclk_edge_det_no_reset.$proc$fireeee_dclk_edge_det_no_reset.v:41$54'.
Removing empty process `fireeee_dclk_edge_det_no_reset.$proc$fireeee_dclk_edge_det_no_reset.v:105$13'.
Removing empty process `fireeee_dclk_edge_det_no_reset.$proc$fireeee_dclk_edge_det_no_reset.v:64$12'.
Removing empty process `fireeee_dclk_edge_det_no_reset.$proc$fireeee_dclk_edge_det_no_reset.v:55$7'.
Cleaned up 0 empty switches.

2.3.12. Executing OPT_EXPR pass (perform const folding).
Optimizing module fireeee_dclk_edge_det_no_reset.
<suppressed ~16 debug messages>

2.4. Executing FUTURE pass.

2.5. Executing OPT_EXPR pass (perform const folding).
Optimizing module fireeee_dclk_edge_det_no_reset.

2.6. Executing OPT_CLEAN pass (remove unused cells and wires).
Finding unused cells or wires in module \fireeee_dclk_edge_det_no_reset..
Removed 0 unused cells and 42 unused wires.
<suppressed ~1 debug messages>

2.7. Executing CHECK pass (checking for obvious problems).
Checking module fireeee_dclk_edge_det_no_reset...
Found and reported 0 problems.

2.8. Executing OPT pass (performing simple optimizations).

2.8.1. Executing OPT_EXPR pass (perform const folding).
Optimizing module fireeee_dclk_edge_det_no_reset.

2.8.2. Executing OPT_MERGE pass (detect identical cells).
Finding identical cells in module `\fireeee_dclk_edge_det_no_reset'.
Computing hashes of 45 cells of `\fireeee_dclk_edge_det_no_reset'.
Finding duplicate cells in `\fireeee_dclk_edge_det_no_reset'.
Removed a total of 0 cells.

2.8.3. Executing OPT_MUXTREE pass (detect dead branches in mux trees).
Running muxtree optimizer on module \fireeee_dclk_edge_det_no_reset..
  Creating internal representation of mux trees.
  No muxes found in this module.
Removed 0 multiplexer ports.

2.8.4. Executing OPT_REDUCE pass (consolidate $*mux and $reduce_* inputs).
  Optimizing cells in module \fireeee_dclk_edge_det_no_reset.
Performed a total of 0 changes.

2.8.5. Executing OPT_MERGE pass (detect identical cells).
Finding identical cells in module `\fireeee_dclk_edge_det_no_reset'.
Computing hashes of 45 cells of `\fireeee_dclk_edge_det_no_reset'.
Finding duplicate cells in `\fireeee_dclk_edge_det_no_reset'.
Removed a total of 0 cells.

2.8.6. Executing OPT_CLEAN pass (remove unused cells and wires).
Finding unused cells or wires in module \fireeee_dclk_edge_det_no_reset..

2.8.7. Executing OPT_EXPR pass (perform const folding).
Optimizing module fireeee_dclk_edge_det_no_reset.

2.8.8. Finished fast OPT passes. (There is nothing left to do.)

2.9. Executing WREDUCE pass (reducing word size of cells).

2.10. Executing OPT_CLEAN pass (remove unused cells and wires).
Finding unused cells or wires in module \fireeee_dclk_edge_det_no_reset..

2.11. Executing MEMORY_COLLECT pass (generating $mem cells).

2.12. Executing OPT pass (performing simple optimizations).

2.12.1. Executing OPT_EXPR pass (perform const folding).
Optimizing module fireeee_dclk_edge_det_no_reset.

2.12.2. Executing OPT_MERGE pass (detect identical cells).
Finding identical cells in module `\fireeee_dclk_edge_det_no_reset'.
Computing hashes of 45 cells of `\fireeee_dclk_edge_det_no_reset'.
Finding duplicate cells in `\fireeee_dclk_edge_det_no_reset'.
Removed a total of 0 cells.

2.12.3. Executing OPT_CLEAN pass (remove unused cells and wires).
Finding unused cells or wires in module \fireeee_dclk_edge_det_no_reset..

2.12.4. Finished fast OPT passes.

2.13. Executing SORT pass.

2.14. Printing statistics.

=== fireeee_dclk_edge_det_no_reset ===

        +----------Local Count, excluding submodules.
        | 
       58 wires
      275 wire bits
       30 public wires
      247 public wire bits
        7 ports
       69 port bits
       45 cells
        2   $and
        5   $check
       16   $dff
        9   $logic_and
        7   $logic_not
        2   $logic_or
        4   $not

2.15. Executing CHECK pass (checking for obvious problems).
Checking module fireeee_dclk_edge_det_no_reset...
Found and reported 0 problems.

3. Executing HIERARCHY pass (managing design hierarchy).
Attribute `top' found on module `fireeee_dclk_edge_det_no_reset'. Setting top module to fireeee_dclk_edge_det_no_reset.

3.1. Analyzing design hierarchy..
Top module:  \fireeee_dclk_edge_det_no_reset

3.2. Analyzing design hierarchy..
Top module:  \fireeee_dclk_edge_det_no_reset
Removed 0 unused modules.
Module fireeee_dclk_edge_det_no_reset directly or indirectly contains formal properties -> setting "keep" attribute.

4. Executing jny backend.

5. Executing RTLIL backend.
Output filename: ../model/design.il

End of script. Logfile hash: 5462556451, CPU: user 0.01s system 0.01s, MEM: 14.45 MB peak
Yosys 0.62+112 (git sha1 687a36af3, clang++ 18.1.8 -fPIC -O3)
Time spent: 20% 4x opt_clean (0 sec), 20% 5x opt_expr (0 sec), ...
