
 /----------------------------------------------------------------------------\
 |  yosys -- Yosys Open SYnthesis Suite                                       |
 |  Copyright (C) 2012 - 2026  Claire Xenia Wolf <claire@yosyshq.com>         |
 |  Distributed under an ISC-like license, type "license" to see terms        |
 \----------------------------------------------------------------------------/
 Yosys 0.62+112 (git sha1 687a36af3, clang++ 18.1.8 -fPIC -O3)

-- Executing script file `design_prep.ys' --

1. Executing RTLIL frontend.
Input filename: design.il

2. Executing SCC pass (detecting logic loops).
Found 0 SCCs in module fireeee_dclk_edge_det_no_reset.
Found 0 SCCs.

3. Executing SIMPLEMAP pass (map simple cells to gate primitives).

4. Executing MEMORY_NORDFF pass (extracting $dff cells from memories).

5. Executing ASYNC2SYNC pass.

6. Executing OPT_CLEAN pass (remove unused cells and wires).
Finding unused cells or wires in module \fireeee_dclk_edge_det_no_reset..
Removed 15 unused cells and 15 unused wires.
<suppressed ~16 debug messages>

7. Executing FORMALFF pass.

8. Executing OPT_CLEAN pass (remove unused cells and wires).
Finding unused cells or wires in module \fireeee_dclk_edge_det_no_reset..
Removed 1 unused cells and 1 unused wires.
<suppressed ~2 debug messages>

9. Executing CHECK pass (checking for obvious problems).
Checking module fireeee_dclk_edge_det_no_reset...
Found and reported 0 problems.

10. Executing SETUNDEF pass (replace undef values with defined constants).

11. Executing OPT pass (performing simple optimizations).

11.1. Executing OPT_EXPR pass (perform const folding).
Optimizing module fireeee_dclk_edge_det_no_reset.

11.2. Executing OPT_MERGE pass (detect identical cells).
Finding identical cells in module `\fireeee_dclk_edge_det_no_reset'.
Computing hashes of 55 cells of `\fireeee_dclk_edge_det_no_reset'.
Finding duplicate cells in `\fireeee_dclk_edge_det_no_reset'.
Computing hashes of 51 cells of `\fireeee_dclk_edge_det_no_reset'.
Finding duplicate cells in `\fireeee_dclk_edge_det_no_reset'.
<suppressed ~12 debug messages>
Removed a total of 4 cells.

11.3. Executing OPT_DFF pass (perform DFF optimizations).

11.4. Executing OPT_CLEAN pass (remove unused cells and wires).
Finding unused cells or wires in module \fireeee_dclk_edge_det_no_reset..
Removed 0 unused cells and 4 unused wires.
<suppressed ~1 debug messages>

11.5. Finished fast OPT passes.

12. Executing OPT_CLEAN pass (remove unused cells and wires).
Finding unused cells or wires in module \fireeee_dclk_edge_det_no_reset..
Removed 0 unused cells and 6 unused wires.
<suppressed ~1 debug messages>

13. Executing RTLIL backend.
Output filename: ../model/design_prep.il

End of script. Logfile hash: 909f2bac68, CPU: user 0.01s system 0.01s, MEM: 14.54 MB peak
Yosys 0.62+112 (git sha1 687a36af3, clang++ 18.1.8 -fPIC -O3)
Time spent: 42% 4x opt_clean (0 sec), 8% 1x opt_expr (0 sec), ...
