
 /----------------------------------------------------------------------------\
 |  yosys -- Yosys Open SYnthesis Suite                                       |
 |  Copyright (C) 2012 - 2026  Claire Xenia Wolf <claire@yosyshq.com>         |
 |  Distributed under an ISC-like license, type "license" to see terms        |
 \----------------------------------------------------------------------------/
 Yosys 0.62+112 (git sha1 687a36af3, clang++ 18.1.8 -fPIC -O3)

-- Executing script file `../model/design.ys' --

1. Executing Verilog-2005 frontend: fireeee_dclk_edge_det_sync_reset.v
Parsing formal SystemVerilog input from `fireeee_dclk_edge_det_sync_reset.v' to AST representation.
Storing AST representation for module `$abstract\fireeee_dclk_edge_det_sync_reset'.
Successfully finished Verilog frontend.

2. Executing PREP pass.

2.1. Executing HIERARCHY pass (managing design hierarchy).

2.2. Executing AST frontend in derive mode using pre-parsed AST for module `\fireeee_dclk_edge_det_sync_reset'.
Generating RTLIL representation for module `\fireeee_dclk_edge_det_sync_reset'.

2.2.1. Analyzing design hierarchy..
Top module:  \fireeee_dclk_edge_det_sync_reset

2.2.2. Analyzing design hierarchy..
Top module:  \fireeee_dclk_edge_det_sync_reset
Removing unused module `$abstract\fireeee_dclk_edge_det_sync_reset'.
Removed 1 unused modules.
Module fireeee_dclk_edge_det_sync_reset directly or indirectly contains formal properties -> setting "keep" attribute.

2.3. Executing PROC pass (convert processes to netlists).

2.3.1. Executing PROC_CLEAN pass (remove empty switches from decision trees).
Cleaned up 0 empty switches.

2.3.2. Executing PROC_RMDEAD pass (remove dead branches from decision trees).
Marked 1 switch rules as full_case in process $proc$fireeee_dclk_edge_det_sync_reset.v:93$58 in module fireeee_dclk_edge_det_sync_reset.
Marked 1 switch rules as full_case in process $proc$fireeee_dclk_edge_det_sync_reset.v:42$56 in module fireeee_dclk_edge_det_sync_reset.
Marked 1 switch rules as full_case in process $proc$fireeee_dclk_edge_det_sync_reset.v:75$13 in module fireeee_dclk_edge_det_sync_reset.
Marked 1 switch rules as full_case in process $proc$fireeee_dclk_edge_det_sync_reset.v:61$7 in module fireeee_dclk_edge_det_sync_reset.
Removed a total of 0 dead cases.

2.3.3. Executing PROC_PRUNE pass (remove redundant assignments in processes).
Removed 10 redundant assignments.
Promoted 16 assignments to connections.

2.3.4. Executing PROC_INIT pass (extract init attributes).
Found init rule in `\fireeee_dclk_edge_det_sync_reset.$proc$fireeee_dclk_edge_det_sync_reset.v:91$69'.
  Set init value: \genblk_outreg1_syncreset.DATAO_R = 0
Found init rule in `\fireeee_dclk_edge_det_sync_reset.$proc$fireeee_dclk_edge_det_sync_reset.v:90$68'.
  Set init value: \genblk_outreg1_syncreset.DCLKO_R = 1'0
Found init rule in `\fireeee_dclk_edge_det_sync_reset.$proc$fireeee_dclk_edge_det_sync_reset.v:89$67'.
  Set init value: \genblk_outreg1_syncreset.NEG_DET_O_R = 1'0
Found init rule in `\fireeee_dclk_edge_det_sync_reset.$proc$fireeee_dclk_edge_det_sync_reset.v:88$66'.
  Set init value: \genblk_outreg1_syncreset.POS_DET_O_R = 1'0
Found init rule in `\fireeee_dclk_edge_det_sync_reset.$proc$fireeee_dclk_edge_det_sync_reset.v:40$65'.
  Set init value: \genblk_inreg1_syncreset.DATAI_R = 0
Found init rule in `\fireeee_dclk_edge_det_sync_reset.$proc$fireeee_dclk_edge_det_sync_reset.v:39$64'.
  Set init value: \genblk_inreg1_syncreset.DCLKI_R = 1'0
Found init rule in `\fireeee_dclk_edge_det_sync_reset.$proc$fireeee_dclk_edge_det_sync_reset.v:26$63'.
  Set init value: \NEG_DET_R = 1'0
Found init rule in `\fireeee_dclk_edge_det_sync_reset.$proc$fireeee_dclk_edge_det_sync_reset.v:25$62'.
  Set init value: \POS_DET_R = 1'0
Found init rule in `\fireeee_dclk_edge_det_sync_reset.$proc$fireeee_dclk_edge_det_sync_reset.v:23$61'.
  Set init value: \DATA_R = 0
Found init rule in `\fireeee_dclk_edge_det_sync_reset.$proc$fireeee_dclk_edge_det_sync_reset.v:22$60'.
  Set init value: \DCLK_R = 1'0

2.3.5. Executing PROC_ARST pass (detect async resets in processes).

2.3.6. Executing PROC_ROM pass (convert switches to ROMs).
Converted 0 switches.
<suppressed ~5 debug messages>

2.3.7. Executing PROC_MUX pass (convert decision trees to multiplexers).
Creating decoders for process `\fireeee_dclk_edge_det_sync_reset.$proc$fireeee_dclk_edge_det_sync_reset.v:91$69'.
Creating decoders for process `\fireeee_dclk_edge_det_sync_reset.$proc$fireeee_dclk_edge_det_sync_reset.v:90$68'.
Creating decoders for process `\fireeee_dclk_edge_det_sync_reset.$proc$fireeee_dclk_edge_det_sync_reset.v:89$67'.
Creating decoders for process `\fireeee_dclk_edge_det_sync_reset.$proc$fireeee_dclk_edge_det_sync_reset.v:88$66'.
Creating decoders for process `\fireeee_dclk_edge_det_sync_reset.$proc$fireeee_dclk_edge_det_sync_reset.v:40$65'.
Creating decoders for process `\fireeee_dclk_edge_det_sync_reset.$proc$fireeee_dclk_edge_det_sync_reset.v:39$64'.
Creating decoders for process `\fireeee_dclk_edge_det_sync_reset.$proc$fireeee_dclk_edge_det_sync_reset.v:26$63'.
Creating decoders for process `\fireeee_dclk_edge_det_sync_reset.$proc$fireeee_dclk_edge_det_sync_reset.v:25$62'.
Creating decoders for process `\fireeee_dclk_edge_det_sync_reset.$proc$fireeee_dclk_edge_det_sync_reset.v:23$61'.
Creating decoders for process `\fireeee_dclk_edge_det_sync_reset.$proc$fireeee_dclk_edge_det_sync_reset.v:22$60'.
Creating decoders for process `\fireeee_dclk_edge_det_sync_reset.$proc$fireeee_dclk_edge_det_sync_reset.v:93$58'.
     1/4: $0\genblk_outreg1_syncreset.DATAO_R[31:0]
     2/4: $0\genblk_outreg1_syncreset.DCLKO_R[0:0]
     3/4: $0\genblk_outreg1_syncreset.NEG_DET_O_R[0:0]
     4/4: $0\genblk_outreg1_syncreset.POS_DET_O_R[0:0]
Creating decoders for process `\fireeee_dclk_edge_det_sync_reset.$proc$fireeee_dclk_edge_det_sync_reset.v:42$56'.
     1/2: $0\genblk_inreg1_syncreset.DATAI_R[31:0]
     2/2: $0\genblk_inreg1_syncreset.DCLKI_R[0:0]
Creating decoders for process `\fireeee_dclk_edge_det_sync_reset.$proc$fireeee_dclk_edge_det_sync_reset.v:128$15'.
     1/5: \formal_DCLK_NEG_EN
     2/5: \formal_DCLK_POS_EN
     3/5: \formal_NEG_1CYCLE_EN
     4/5: \formal_POS_1CYCLE_EN
     5/5: \formal_POS_NEG_NAND_EN
Creating decoders for process `\fireeee_dclk_edge_det_sync_reset.$proc$fireeee_dclk_edge_det_sync_reset.v:75$13'.
     1/2: $0\NEG_DET_R[0:0]
     2/2: $0\POS_DET_R[0:0]
Creating decoders for process `\fireeee_dclk_edge_det_sync_reset.$proc$fireeee_dclk_edge_det_sync_reset.v:61$7'.
     1/2: $0\DATA_R[31:0]
     2/2: $0\DCLK_R[0:0]

2.3.8. Executing PROC_DLATCH pass (convert process syncs to latches).

2.3.9. Executing PROC_DFF pass (convert process syncs to FFs).
Creating register for signal `\fireeee_dclk_edge_det_sync_reset.\genblk_outreg1_syncreset.POS_DET_O_R' using process `\fireeee_dclk_edge_det_sync_reset.$proc$fireeee_dclk_edge_det_sync_reset.v:93$58'.
  created $dff cell `$procdff$110' with positive edge clock.
Creating register for signal `\fireeee_dclk_edge_det_sync_reset.\genblk_outreg1_syncreset.NEG_DET_O_R' using process `\fireeee_dclk_edge_det_sync_reset.$proc$fireeee_dclk_edge_det_sync_reset.v:93$58'.
  created $dff cell `$procdff$111' with positive edge clock.
Creating register for signal `\fireeee_dclk_edge_det_sync_reset.\genblk_outreg1_syncreset.DCLKO_R' using process `\fireeee_dclk_edge_det_sync_reset.$proc$fireeee_dclk_edge_det_sync_reset.v:93$58'.
  created $dff cell `$procdff$112' with positive edge clock.
Creating register for signal `\fireeee_dclk_edge_det_sync_reset.\genblk_outreg1_syncreset.DATAO_R' using process `\fireeee_dclk_edge_det_sync_reset.$proc$fireeee_dclk_edge_det_sync_reset.v:93$58'.
  created $dff cell `$procdff$113' with positive edge clock.
Creating register for signal `\fireeee_dclk_edge_det_sync_reset.\genblk_inreg1_syncreset.DCLKI_R' using process `\fireeee_dclk_edge_det_sync_reset.$proc$fireeee_dclk_edge_det_sync_reset.v:42$56'.
  created $dff cell `$procdff$114' with positive edge clock.
Creating register for signal `\fireeee_dclk_edge_det_sync_reset.\genblk_inreg1_syncreset.DATAI_R' using process `\fireeee_dclk_edge_det_sync_reset.$proc$fireeee_dclk_edge_det_sync_reset.v:42$56'.
  created $dff cell `$procdff$115' with positive edge clock.
Creating register for signal `\fireeee_dclk_edge_det_sync_reset.$past$fireeee_dclk_edge_det_sync_reset.v:134$1$0' using process `\fireeee_dclk_edge_det_sync_reset.$proc$fireeee_dclk_edge_det_sync_reset.v:128$15'.
  created $dff cell `$procdff$116' with positive edge clock.
Creating register for signal `\fireeee_dclk_edge_det_sync_reset.$past$fireeee_dclk_edge_det_sync_reset.v:137$2$0' using process `\fireeee_dclk_edge_det_sync_reset.$proc$fireeee_dclk_edge_det_sync_reset.v:128$15'.
  created $dff cell `$procdff$117' with positive edge clock.
Creating register for signal `\fireeee_dclk_edge_det_sync_reset.$past$fireeee_dclk_edge_det_sync_reset.v:140$3$0' using process `\fireeee_dclk_edge_det_sync_reset.$proc$fireeee_dclk_edge_det_sync_reset.v:128$15'.
  created $dff cell `$procdff$118' with positive edge clock.
Creating register for signal `\fireeee_dclk_edge_det_sync_reset.$past$fireeee_dclk_edge_det_sync_reset.v:140$4$0' using process `\fireeee_dclk_edge_det_sync_reset.$proc$fireeee_dclk_edge_det_sync_reset.v:128$15'.
  created $dff cell `$procdff$119' with positive edge clock.
Creating register for signal `\fireeee_dclk_edge_det_sync_reset.$past$fireeee_dclk_edge_det_sync_reset.v:143$5$0' using process `\fireeee_dclk_edge_det_sync_reset.$proc$fireeee_dclk_edge_det_sync_reset.v:128$15'.
  created $dff cell `$procdff$120' with positive edge clock.
Creating register for signal `\fireeee_dclk_edge_det_sync_reset.$past$fireeee_dclk_edge_det_sync_reset.v:143$6$0' using process `\fireeee_dclk_edge_det_sync_reset.$proc$fireeee_dclk_edge_det_sync_reset.v:128$15'.
  created $dff cell `$procdff$121' with positive edge clock.
Creating register for signal `\fireeee_dclk_edge_det_sync_reset.\POS_DET_R' using process `\fireeee_dclk_edge_det_sync_reset.$proc$fireeee_dclk_edge_det_sync_reset.v:75$13'.
  created $dff cell `$procdff$122' with positive edge clock.
Creating register for signal `\fireeee_dclk_edge_det_sync_reset.\NEG_DET_R' using process `\fireeee_dclk_edge_det_sync_reset.$proc$fireeee_dclk_edge_det_sync_reset.v:75$13'.
  created $dff cell `$procdff$123' with positive edge clock.
Creating register for signal `\fireeee_dclk_edge_det_sync_reset.\DCLK_R' using process `\fireeee_dclk_edge_det_sync_reset.$proc$fireeee_dclk_edge_det_sync_reset.v:61$7'.
  created $dff cell `$procdff$124' with positive edge clock.
Creating register for signal `\fireeee_dclk_edge_det_sync_reset.\DATA_R' using process `\fireeee_dclk_edge_det_sync_reset.$proc$fireeee_dclk_edge_det_sync_reset.v:61$7'.
  created $dff cell `$procdff$125' with positive edge clock.

2.3.10. Executing PROC_MEMWR pass (convert process memory writes to cells).

2.3.11. Executing PROC_CLEAN pass (remove empty switches from decision trees).
Removing empty process `fireeee_dclk_edge_det_sync_reset.$proc$fireeee_dclk_edge_det_sync_reset.v:91$69'.
Removing empty process `fireeee_dclk_edge_det_sync_reset.$proc$fireeee_dclk_edge_det_sync_reset.v:90$68'.
Removing empty process `fireeee_dclk_edge_det_sync_reset.$proc$fireeee_dclk_edge_det_sync_reset.v:89$67'.
Removing empty process `fireeee_dclk_edge_det_sync_reset.$proc$fireeee_dclk_edge_det_sync_reset.v:88$66'.
Removing empty process `fireeee_dclk_edge_det_sync_reset.$proc$fireeee_dclk_edge_det_sync_reset.v:40$65'.
Removing empty process `fireeee_dclk_edge_det_sync_reset.$proc$fireeee_dclk_edge_det_sync_reset.v:39$64'.
Removing empty process `fireeee_dclk_edge_det_sync_reset.$proc$fireeee_dclk_edge_det_sync_reset.v:26$63'.
Removing empty process `fireeee_dclk_edge_det_sync_reset.$proc$fireeee_dclk_edge_det_sync_reset.v:25$62'.
Removing empty process `fireeee_dclk_edge_det_sync_reset.$proc$fireeee_dclk_edge_det_sync_reset.v:23$61'.
Removing empty process `fireeee_dclk_edge_det_sync_reset.$proc$fireeee_dclk_edge_det_sync_reset.v:22$60'.
Found and cleaned up 1 empty switch in `\fireeee_dclk_edge_det_sync_reset.$proc$fireeee_dclk_edge_det_sync_reset.v:93$58'.
Removing empty process `fireeee_dclk_edge_det_sync_reset.$proc$fireeee_dclk_edge_det_sync_reset.v:93$58'.
Found and cleaned up 1 empty switch in `\fireeee_dclk_edge_det_sync_reset.$proc$fireeee_dclk_edge_det_sync_reset.v:42$56'.
Removing empty process `fireeee_dclk_edge_det_sync_reset.$proc$fireeee_dclk_edge_det_sync_reset.v:42$56'.
Found and cleaned up 1 empty switch in `\fireeee_dclk_edge_det_sync_reset.$proc$fireeee_dclk_edge_det_sync_reset.v:128$15'.
Removing empty process `fireeee_dclk_edge_det_sync_reset.$proc$fireeee_dclk_edge_det_sync_reset.v:128$15'.
Found and cleaned up 1 empty switch in `\fireeee_dclk_edge_det_sync_reset.$proc$fireeee_dclk_edge_det_sync_reset.v:75$13'.
Removing empty process `fireeee_dclk_edge_det_sync_reset.$proc$fireeee_dclk_edge_det_sync_reset.v:75$13'.
Found and cleaned up 1 empty switch in `\fireeee_dclk_edge_det_sync_reset.$proc$fireeee_dclk_edge_det_sync_reset.v:61$7'.
Removing empty process `fireeee_dclk_edge_det_sync_reset.$proc$fireeee_dclk_edge_det_sync_reset.v:61$7'.
Cleaned up 5 empty switches.

2.3.12. Executing OPT_EXPR pass (perform const folding).
Optimizing module fireeee_dclk_edge_det_sync_reset.
<suppressed ~30 debug messages>

2.4. Executing FUTURE pass.

2.5. Executing OPT_EXPR pass (perform const folding).
Optimizing module fireeee_dclk_edge_det_sync_reset.

2.6. Executing OPT_CLEAN pass (remove unused cells and wires).
Finding unused cells or wires in module \fireeee_dclk_edge_det_sync_reset..
Removed 4 unused cells and 66 unused wires.
<suppressed ~5 debug messages>

2.7. Executing CHECK pass (checking for obvious problems).
Checking module fireeee_dclk_edge_det_sync_reset...
Found and reported 0 problems.

2.8. Executing OPT pass (performing simple optimizations).

2.8.1. Executing OPT_EXPR pass (perform const folding).
Optimizing module fireeee_dclk_edge_det_sync_reset.

2.8.2. Executing OPT_MERGE pass (detect identical cells).
Finding identical cells in module `\fireeee_dclk_edge_det_sync_reset'.
Computing hashes of 60 cells of `\fireeee_dclk_edge_det_sync_reset'.
Finding duplicate cells in `\fireeee_dclk_edge_det_sync_reset'.
Removed a total of 0 cells.

2.8.3. Executing OPT_MUXTREE pass (detect dead branches in mux trees).
Running muxtree optimizer on module \fireeee_dclk_edge_det_sync_reset..
  Creating internal representation of mux trees.
  Evaluating internal representation of mux trees.
  Analyzing evaluation results.
Removed 0 multiplexer ports.
<suppressed ~30 debug messages>

2.8.4. Executing OPT_REDUCE pass (consolidate $*mux and $reduce_* inputs).
  Optimizing cells in module \fireeee_dclk_edge_det_sync_reset.
Performed a total of 0 changes.

2.8.5. Executing OPT_MERGE pass (detect identical cells).
Finding identical cells in module `\fireeee_dclk_edge_det_sync_reset'.
Computing hashes of 60 cells of `\fireeee_dclk_edge_det_sync_reset'.
Finding duplicate cells in `\fireeee_dclk_edge_det_sync_reset'.
Computing hashes of 56 cells of `\fireeee_dclk_edge_det_sync_reset'.
Finding duplicate cells in `\fireeee_dclk_edge_det_sync_reset'.
<suppressed ~12 debug messages>
Removed a total of 4 cells.

2.8.6. Executing OPT_CLEAN pass (remove unused cells and wires).
Finding unused cells or wires in module \fireeee_dclk_edge_det_sync_reset..

2.8.7. Executing OPT_EXPR pass (perform const folding).
Optimizing module fireeee_dclk_edge_det_sync_reset.

2.8.8. Rerunning OPT passes. (Maybe there is more to do..)

2.8.9. Executing OPT_MUXTREE pass (detect dead branches in mux trees).
Running muxtree optimizer on module \fireeee_dclk_edge_det_sync_reset..
  Creating internal representation of mux trees.
  Evaluating internal representation of mux trees.
  Analyzing evaluation results.
Removed 0 multiplexer ports.
<suppressed ~22 debug messages>

2.8.10. Executing OPT_REDUCE pass (consolidate $*mux and $reduce_* inputs).
  Optimizing cells in module \fireeee_dclk_edge_det_sync_reset.
Performed a total of 0 changes.

2.8.11. Executing OPT_MERGE pass (detect identical cells).
Finding identical cells in module `\fireeee_dclk_edge_det_sync_reset'.
Computing hashes of 56 cells of `\fireeee_dclk_edge_det_sync_reset'.
Finding duplicate cells in `\fireeee_dclk_edge_det_sync_reset'.
Removed a total of 0 cells.

2.8.12. Executing OPT_CLEAN pass (remove unused cells and wires).
Finding unused cells or wires in module \fireeee_dclk_edge_det_sync_reset..

2.8.13. Executing OPT_EXPR pass (perform const folding).
Optimizing module fireeee_dclk_edge_det_sync_reset.

2.8.14. Finished fast OPT passes. (There is nothing left to do.)

2.9. Executing WREDUCE pass (reducing word size of cells).

2.10. Executing OPT_CLEAN pass (remove unused cells and wires).
Finding unused cells or wires in module \fireeee_dclk_edge_det_sync_reset..

2.11. Executing MEMORY_COLLECT pass (generating $mem cells).

2.12. Executing OPT pass (performing simple optimizations).

2.12.1. Executing OPT_EXPR pass (perform const folding).
Optimizing module fireeee_dclk_edge_det_sync_reset.

2.12.2. Executing OPT_MERGE pass (detect identical cells).
Finding identical cells in module `\fireeee_dclk_edge_det_sync_reset'.
Computing hashes of 56 cells of `\fireeee_dclk_edge_det_sync_reset'.
Finding duplicate cells in `\fireeee_dclk_edge_det_sync_reset'.
Removed a total of 0 cells.

2.12.3. Executing OPT_CLEAN pass (remove unused cells and wires).
Finding unused cells or wires in module \fireeee_dclk_edge_det_sync_reset..

2.12.4. Finished fast OPT passes.

2.13. Executing SORT pass.

2.14. Printing statistics.

=== fireeee_dclk_edge_det_sync_reset ===

        +----------Local Count, excluding submodules.
        | 
       69 wires
      379 wire bits
       31 public wires
      248 public wire bits
        8 ports
       70 port bits
       56 cells
        2   $and
        5   $check
       16   $dff
        9   $logic_and
        7   $logic_not
        2   $logic_or
       11   $mux
        4   $not

2.15. Executing CHECK pass (checking for obvious problems).
Checking module fireeee_dclk_edge_det_sync_reset...
Found and reported 0 problems.

3. Executing HIERARCHY pass (managing design hierarchy).
Attribute `top' found on module `fireeee_dclk_edge_det_sync_reset'. Setting top module to fireeee_dclk_edge_det_sync_reset.

3.1. Analyzing design hierarchy..
Top module:  \fireeee_dclk_edge_det_sync_reset

3.2. Analyzing design hierarchy..
Top module:  \fireeee_dclk_edge_det_sync_reset
Removed 0 unused modules.
Module fireeee_dclk_edge_det_sync_reset directly or indirectly contains formal properties -> setting "keep" attribute.

4. Executing jny backend.

5. Executing RTLIL backend.
Output filename: ../model/design.il

End of script. Logfile hash: 44e154e033, CPU: user 0.02s system 0.00s, MEM: 14.62 MB peak
Yosys 0.62+112 (git sha1 687a36af3, clang++ 18.1.8 -fPIC -O3)
Time spent: 21% 5x opt_clean (0 sec), 20% 6x opt_expr (0 sec), ...
